    OpenRGB v0.9
    Commit:  from 
    Launched: 20250506_112037
====================================================================================================

1002  |Info:    Saving detector settings
1003  |Info:    ------------------------------------------------------
1003  |Info:    |               Start device detection               |
1003  |Info:    ------------------------------------------------------
1003  |Info:    Initializing HID interfaces: Success
1008  |Info:    ------------------------------------------------------
1008  |Info:    |             Detecting I2C interfaces               |
1008  |Info:    ------------------------------------------------------
1008  |Info:    Registering I2C interface: /dev/i2c-3 Device 1022:790B Subsystem: 1043:87C0
1008  |Info:    Registering I2C interface: /dev/i2c-8 Device 10DE:1F02 Subsystem: 1462:C75C
1008  |Info:    Registering I2C interface: /dev/i2c-6 Device 10DE:1F02 Subsystem: 1462:C75C
1009  |Info:    Registering I2C interface: /dev/i2c-2 Device 1022:790B Subsystem: 1043:87C0
1009  |Info:    Registering I2C interface: /dev/i2c-7 Device 10DE:1F02 Subsystem: 1462:C75C
1009  |Info:    Registering I2C interface: /dev/i2c-5 Device 10DE:1F02 Subsystem: 1462:C75C
1009  |Info:    ------------------------------------------------------
1009  |Info:    |               Detecting I2C devices                |
1009  |Info:    ------------------------------------------------------
1568  |Info:    ------------------------------------------------------
1568  |Info:    |               Detecting I2C PCI devices            |
1568  |Info:    ------------------------------------------------------
1569  |Info:    ------------------------------------------------------
1569  |Info:    |               Detecting HID devices                |
1569  |Info:    ------------------------------------------------------
1569  |Info:    ------------------------------------------------------
1569  |Info:    |            Detecting libusb HID devices            |
1569  |Info:    ------------------------------------------------------
1575  |Info:    ------------------------------------------------------
1575  |Info:    |              Detecting other devices               |
1575  |Info:    ------------------------------------------------------
1581  |Info:    ------------------------------------------------------
1581  |Info:    |                Detection completed                 |
1581  |Info:    ------------------------------------------------------
1581  |Dialog:  <h2>WARNING:</h2><p>One or more I2C/SMBus interfaces failed to initialize.</p><p>RGB DRAM modules and some motherboards' onboard RGB lighting will not be available without I2C/SMBus.</p><p>On Linux, this is usually because the i2c-dev module is not loaded.  You must load the i2c-dev module along with the correct i2c driver for your motherboard.  This is usually i2c-piix4 for AMD systems and i2c-i801 for Intel systems.</p><p>See <a href='https://help.openrgb.org/'>help.openrgb.org</a> for additional troubleshooting steps if you keep seeing this message.<br></p>
